<?xml version="1.0" encoding="UTF-8"?>
<!-- Generated by org.testng.reporters.JUnitReportReporter -->
<testsuite hostname="Mayankas-MacBook-Air.local" failures="0" tests="2" name="com.qa.test.GetAPITest" time="1.342" errors="0" timestamp="2024-02-01T15:25:21 IST" skipped="0">
  <testcase classname="com.qa.test.GetAPITest" name="getAPITestWithoutHeaders" time="1.216"/>
  <testcase classname="com.qa.test.GetAPITest" name="getAPITestWithHeaders" time="0.126"/>
</testsuite> <!-- com.qa.test.GetAPITest -->
